<?xml version="1.0" encoding="UTF-8"?>
<testng-results ignored="0" total="1" passed="1" failed="0" skipped="0">
  <reporter-output>
  </reporter-output>
  <suite started-at="2023-10-27T19:59:42 CEST" name="Surefire suite" finished-at="2023-10-27T19:59:42 CEST" duration-ms="75">
    <groups>
    </groups>
    <test started-at="2023-10-27T19:59:42 CEST" name="Surefire test" finished-at="2023-10-27T19:59:42 CEST" duration-ms="75">
      <class name="uk.co.automationtesting.AppTest">
        <test-method signature="shouldAnswerWithTrue()" started-at="2023-10-27T19:59:42 CEST" name="shouldAnswerWithTrue" finished-at="2023-10-27T19:59:42 CEST" duration-ms="8" status="PASS">
          <reporter-output>
          </reporter-output>
        </test-method> <!-- shouldAnswerWithTrue -->
      </class> <!-- uk.co.automationtesting.AppTest -->
    </test> <!-- Surefire test -->
  </suite> <!-- Surefire suite -->
</testng-results>
